0 info it worked if it ends with ok
1 verbose cli [ '/usr/local/Cellar/node/7.5.0/bin/node',
1 verbose cli   '/Users/thamancard/.npm-packages/bin/npm',
1 verbose cli   'version',
1 verbose cli   'minor' ]
2 info using npm@3.10.9
3 info using node@v7.5.0
4 info git [ 'status', '--porcelain' ]
5 verbose stack Error: Git working directory not clean.
5 verbose stack M src/directives/properties/bottom.ts
5 verbose stack M src/directives/properties/left.ts
5 verbose stack M src/directives/properties/right.ts
5 verbose stack M src/directives/properties/top.ts
5 verbose stack M src/index.ts
5 verbose stack     at /Users/thamancard/.npm-packages/lib/node_modules/npm/lib/version.js:247:19
5 verbose stack     at /Users/thamancard/.npm-packages/lib/node_modules/npm/lib/utils/no-progress-while-running.js:21:8
5 verbose stack     at ChildProcess.exithandler (child_process.js:202:7)
5 verbose stack     at emitTwo (events.js:106:13)
5 verbose stack     at ChildProcess.emit (events.js:192:7)
5 verbose stack     at maybeClose (internal/child_process.js:890:16)
5 verbose stack     at Socket.<anonymous> (internal/child_process.js:334:11)
5 verbose stack     at emitOne (events.js:96:13)
5 verbose stack     at Socket.emit (events.js:189:7)
5 verbose stack     at Pipe._handle.close [as _onclose] (net.js:501:12)
6 verbose cwd /Developer/Web/Modules/angular-position
7 error Darwin 16.4.0
8 error argv "/usr/local/Cellar/node/7.5.0/bin/node" "/Users/thamancard/.npm-packages/bin/npm" "version" "minor"
9 error node v7.5.0
10 error npm  v3.10.9
11 error Git working directory not clean.
11 error M src/directives/properties/bottom.ts
11 error M src/directives/properties/left.ts
11 error M src/directives/properties/right.ts
11 error M src/directives/properties/top.ts
11 error M src/index.ts
12 error If you need help, you may report this error at:
12 error     <https://github.com/npm/npm/issues>
13 verbose exit [ 1, true ]
